This is pdfTeX, Version 3.1415926-1.40.10 (TeX Live 2009/Debian) (format=pdflatex 2012.9.19)  20 SEP 2012 21:48
entering extended mode
 %&-line parsing enabled.
**rozpoznanie.tex
(./rozpoznanie.tex
LaTeX2e <2009/09/24>
Babel <v3.8l> and hyphenation patterns for english, usenglishmax, dumylang, noh
yphenation, polish, loaded.
! Undefined control sequence.
l.1 \section
            {Rozpoznanie twarzy}
? 
! Emergency stop.
l.1 \section
            {Rozpoznanie twarzy}
End of file on the terminal!

 
Here is how much of TeX's memory you used:
 5 strings out of 495026
 149 string characters out of 1181802
 45141 words of memory out of 3000000
 3285 multiletter control sequences out of 15000+50000
 3640 words of font info for 14 fonts, out of 3000000 for 9000
 48 hyphenation exceptions out of 8191
 5i,0n,1p,46b,8s stack positions out of 5000i,500n,10000p,200000b,50000s
!  ==> Fatal error occurred, no output PDF file produced!
